\BOOKMARK [0][-]{chapter.1}{\376\377\000C\000e\000l\000\040\000i\000\040\000z\000a\000k\000r\000e\000s\000\040\000p\000r\000o\000j\000e\000k\000t\000u}{}% 1
\BOOKMARK [1][-]{section.1.1}{\376\377\000W\000s\000t\001\031\000p}{chapter.1}% 2
\BOOKMARK [1][-]{section.1.2}{\376\377\000Z\000a\000k\000r\000e\000s\000\040\000p\000r\000o\000j\000e\000k\000t\000u}{chapter.1}% 3
\BOOKMARK [1][-]{section.1.3}{\376\377\000C\000e\000l\000\040\000p\000r\000o\000j\000e\000k\000t\000u}{chapter.1}% 4
\BOOKMARK [1][-]{section.1.4}{\376\377\000C\000h\000a\000r\000a\000k\000t\000e\000r\000y\000s\000t\000y\000k\000a\000\040\000g\000r\000u\000p\000\040\000u\001\174\000y\000t\000k\000o\000w\000n\000i\000k\000\363\000w}{chapter.1}% 5
\BOOKMARK [2][-]{subsection.1.4.1}{\376\377\000G\000o\001\133\001\007\000\040\000h\000o\000t\000e\000l\000o\000w\000y\000\040\000\050\000I\000n\000t\000e\000r\000f\000e\000j\000s\000\040\000t\000a\000b\000l\000e\000t\000o\000w\000y\000\051}{section.1.4}% 6
\BOOKMARK [2][-]{subsection.1.4.2}{\376\377\000H\000o\000u\000s\000e\000k\000e\000e\000p\000i\000n\000g\000\040\000/\000\040\000O\000b\000s\001\102\000u\000g\000a\000\040\000p\000i\001\031\000t\000e\000r\000\040\000\050\000I\000n\000t\000e\000r\000f\000e\000j\000s\000\040\000m\000o\000b\000i\000l\000n\000y\000\051}{section.1.4}% 7
\BOOKMARK [2][-]{subsection.1.4.3}{\376\377\000K\000o\000n\000s\000e\000r\000w\000a\000t\000o\000r\000\040\000/\000\040\000M\000a\000i\000n\000t\000e\000n\000a\000n\000c\000e\000\040\000\050\000I\000n\000t\000e\000r\000f\000e\000j\000s\000\040\000m\000o\000b\000i\000l\000n\000y\000\051}{section.1.4}% 8
\BOOKMARK [2][-]{subsection.1.4.4}{\376\377\000R\000e\000c\000e\000p\000c\000j\000a\000\040\000\050\000I\000n\000t\000e\000r\000f\000e\000j\000s\000\040\000d\000e\000s\000k\000t\000o\000p\000o\000w\000y\000\051}{section.1.4}% 9
\BOOKMARK [2][-]{subsection.1.4.5}{\376\377\000K\000u\000c\000h\000n\000i\000a\000\040\000/\000\040\000R\000o\000o\000m\000\040\000s\000e\000r\000v\000i\000c\000e\000\040\000\050\000I\000n\000t\000e\000r\000f\000e\000j\000s\000\040\000t\000a\000b\000l\000e\000t\000o\000w\000y\000\051}{section.1.4}% 10
\BOOKMARK [2][-]{subsection.1.4.6}{\376\377\000M\000e\000n\000a\000d\001\174\000e\000r\000\040\000\050\000I\000n\000t\000e\000r\000f\000e\000j\000s\000\040\000d\000e\000s\000k\000t\000o\000p\000o\000w\000y\000\051}{section.1.4}% 11
\BOOKMARK [2][-]{subsection.1.4.7}{\376\377\000A\000d\000m\000i\000n\000i\000s\000t\000r\000a\000t\000o\000r\000\040\000\050\000I\000n\000t\000e\000r\000f\000e\000j\000s\000\040\000d\000e\000s\000k\000t\000o\000p\000o\000w\000y\000\051}{section.1.4}% 12
\BOOKMARK [0][-]{chapter.2}{\376\377\000A\000n\000a\000l\000i\000z\000a\000\040\000w\000y\000m\000a\000g\000a\001\104\000\040\000s\000y\000s\000t\000e\000m\000o\000w\000y\000c\000h}{}% 13
\BOOKMARK [1][-]{section.2.1}{\376\377\000W\000y\000m\000a\000g\000a\000n\000i\000a\000\040\000f\000u\000n\000k\000c\000j\000o\000n\000a\000l\000n\000e}{chapter.2}% 14
\BOOKMARK [2][-]{subsection.2.1.1}{\376\377\000M\000o\000d\000u\001\102\000\040\000G\000o\001\133\000c\000i\000a\000\040\000H\000o\000t\000e\000l\000o\000w\000e\000g\000o\000\040\000\050\000T\000a\000b\000l\000e\000t\000\040\000p\000o\000k\000o\000j\000o\000w\000y\000\051}{section.2.1}% 15
\BOOKMARK [2][-]{subsection.2.1.2}{\376\377\000M\000o\000d\000u\001\102\000\040\000H\000o\000u\000s\000e\000k\000e\000e\000p\000i\000n\000g\000u\000\040\000\050\000A\000p\000l\000i\000k\000a\000c\000j\000a\000\040\000m\000o\000b\000i\000l\000n\000a\000\051}{section.2.1}% 16
\BOOKMARK [2][-]{subsection.2.1.3}{\376\377\000M\000o\000d\000u\001\102\000\040\000K\000o\000n\000s\000e\000r\000w\000a\000t\000o\000r\000a\000\040\000/\000\040\000M\000a\000i\000n\000t\000e\000n\000a\000n\000c\000e\000\040\000\050\000A\000p\000l\000i\000k\000a\000c\000j\000a\000\040\000m\000o\000b\000i\000l\000n\000a\000\051}{section.2.1}% 17
\BOOKMARK [2][-]{subsection.2.1.4}{\376\377\000M\000o\000d\000u\001\102\000\040\000R\000e\000c\000e\000p\000c\000j\000i\000\040\000\050\000A\000p\000l\000i\000k\000a\000c\000j\000a\000\040\000d\000e\000s\000k\000t\000o\000p\000o\000w\000a\000\051}{section.2.1}% 18
\BOOKMARK [2][-]{subsection.2.1.5}{\376\377\000M\000o\000d\000u\001\102\000\040\000K\000u\000c\000h\000n\000i\000\040\000\050\000T\000a\000b\000l\000e\000t\000\051}{section.2.1}% 19
\BOOKMARK [2][-]{subsection.2.1.6}{\376\377\000M\000o\000d\000u\001\102\000\040\000M\000e\000n\000a\000d\001\174\000e\000r\000a\000\040\000\050\000A\000p\000l\000i\000k\000a\000c\000j\000a\000\040\000d\000e\000s\000k\000t\000o\000p\000o\000w\000a\000\051}{section.2.1}% 20
\BOOKMARK [2][-]{subsection.2.1.7}{\376\377\000M\000o\000d\000u\001\102\000\040\000A\000d\000m\000i\000n\000i\000s\000t\000r\000a\000t\000o\000r\000a\000\040\000\050\000A\000p\000l\000i\000k\000a\000c\000j\000a\000\040\000d\000e\000s\000k\000t\000o\000p\000o\000w\000a\000\051}{section.2.1}% 21
\BOOKMARK [1][-]{section.2.2}{\376\377\000W\000y\000m\000a\000g\000a\000n\000i\000a\000\040\000n\000i\000e\000f\000u\000n\000k\000c\000j\000o\000n\000a\000l\000n\000e}{chapter.2}% 22
\BOOKMARK [0][-]{chapter.3}{\376\377\000I\000d\000e\000n\000t\000y\000f\000i\000k\000a\000c\000j\000a\000\040\000w\000i\000z\000u\000a\000l\000n\000a\000\040\000i\000\040\000D\000e\000s\000i\000g\000n\000\040\000S\000y\000s\000t\000e\000m}{}% 23
\BOOKMARK [1][-]{section.3.1}{\376\377\000S\000p\000e\000c\000y\000f\000i\000k\000a\000c\000j\000a\000\040\000p\000a\000l\000e\000t\000y\000\040\000b\000a\000r\000w\000\040\000s\000y\000s\000t\000e\000m\000u}{chapter.3}% 24
\BOOKMARK [2][-]{subsection.3.1.1}{\376\377\000W\000a\000r\000s\000t\000w\000y\000\040\000t\001\102\000a\000\040\000\050\000S\000u\000r\000f\000a\000c\000e\000\040\000\046\000\040\000B\000a\000c\000k\000g\000r\000o\000u\000n\000d\000\051}{section.3.1}% 25
\BOOKMARK [2][-]{subsection.3.1.2}{\376\377\000K\000o\000l\000o\000r\000y\000\040\000m\000a\000r\000k\000i\000\040\000i\000\040\000a\000k\000c\000e\000n\000t\000y\000\040\000\050\000B\000r\000a\000n\000d\000\051}{section.3.1}% 26
\BOOKMARK [2][-]{subsection.3.1.3}{\376\377\000T\000y\000p\000o\000g\000r\000a\000f\000i\000a\000\040\000i\000\040\000h\000i\000e\000r\000a\000r\000c\000h\000i\000a\000\040\000t\000e\000k\000s\000t\000u\000\040\000\050\000T\000e\000x\000t\000\051}{section.3.1}% 27
\BOOKMARK [2][-]{subsection.3.1.4}{\376\377\000O\000b\000r\000a\000m\000o\000w\000a\000n\000i\000a\000\040\000i\000\040\000s\000e\000p\000a\000r\000a\000t\000o\000r\000y\000\040\000\050\000B\000o\000r\000d\000e\000r\000s\000\051}{section.3.1}% 28
\BOOKMARK [2][-]{subsection.3.1.5}{\376\377\000S\000y\000s\000t\000e\000m\000\040\000s\000t\000a\000t\000u\000s\000\363\000w\000\040\000\050\000S\000t\000a\000t\000u\000s\000\040\000F\000e\000e\000d\000b\000a\000c\000k\000\051}{section.3.1}% 29
\BOOKMARK [2][-]{subsection.3.1.6}{\376\377\000W\000s\000k\000a\001\172\000n\000i\000k\000i\000\040\000r\000\363\000l\000\040\000u\001\174\000y\000t\000k\000o\000w\000n\000i\000k\000\363\000w\000\040\000\050\000R\000o\000l\000e\000\040\000I\000n\000d\000i\000c\000a\000t\000o\000r\000s\000\051}{section.3.1}% 30
\BOOKMARK [1][-]{table.caption.6}{\376\377\000B\000i\000b\000l\000i\000o\000g\000r\000a\000f\000i\000a}{chapter.3}% 31
\BOOKMARK [1][-]{chapter*.7}{\376\377\000S\000p\000i\000s\000\040\000r\000y\000s\000u\000n\000k\000\363\000w}{chapter.3}% 32
\BOOKMARK [1][-]{chapter*.8}{\376\377\000O\001\133\000w\000i\000a\000d\000c\000z\000e\000n\000i\000e\000\040\000s\000t\000u\000d\000e\000n\000t\000a\000\040\000o\000\040\000s\000a\000m\000o\000d\000z\000i\000e\000l\000n\000o\001\133\000c\000i\000\040\000p\000r\000a\000c\000y}{chapter.3}% 33
